wx._core.wxAssertionError: C++ assertion “GetEventHandler() == this” failed at /private/var/folders/k3/c71kbslj38s1vm3tnwmqyd980000gn/T/cibw-sdist-6sl94udv/wxPython-4.2.3/ext/wxWidgets/src/common/wincmn.cpp(474) in ~wxWindowBase(): any pushed event handlers must have been removed

The above exception was the direct cause of the following exception:

SystemError: <class ‘wx._core.WindowDestroyEvent’> returned a result with an exception set
